{"C:\\Users\\cassi\\Documents\\GitHub\\m20-testes\\script.js": {"path":"C:\\Users\\cassi\\Documents\\GitHub\\m20-testes\\script.js","all":false,"statementMap":{"0":{"start":{"line":1,"column":0},"end":{"line":1,"column":22}},"1":{"start":{"line":2,"column":0},"end":{"line":2,"column":64}},"2":{"start":{"line":3,"column":0},"end":{"line":3,"column":66}},"3":{"start":{"line":4,"column":0},"end":{"line":4,"column":1}},"4":{"start":{"line":5,"column":0},"end":{"line":5,"column":0}},"5":{"start":{"line":6,"column":0},"end":{"line":6,"column":18}},"6":{"start":{"line":7,"column":0},"end":{"line":7,"column":56}},"7":{"start":{"line":8,"column":0},"end":{"line":8,"column":1}},"8":{"start":{"line":9,"column":0},"end":{"line":9,"column":0}},"9":{"start":{"line":10,"column":0},"end":{"line":10,"column":17}},"10":{"start":{"line":11,"column":0},"end":{"line":11,"column":67}},"11":{"start":{"line":12,"column":0},"end":{"line":12,"column":98}},"12":{"start":{"line":13,"column":0},"end":{"line":13,"column":1}},"13":{"start":{"line":14,"column":0},"end":{"line":14,"column":0}},"14":{"start":{"line":15,"column":0},"end":{"line":15,"column":21}},"15":{"start":{"line":16,"column":0},"end":{"line":16,"column":67}},"16":{"start":{"line":17,"column":0},"end":{"line":17,"column":20}},"17":{"start":{"line":18,"column":0},"end":{"line":18,"column":78}},"18":{"start":{"line":19,"column":0},"end":{"line":19,"column":12}},"19":{"start":{"line":20,"column":0},"end":{"line":20,"column":67}},"20":{"start":{"line":21,"column":0},"end":{"line":21,"column":5}},"21":{"start":{"line":22,"column":0},"end":{"line":22,"column":1}},"22":{"start":{"line":23,"column":0},"end":{"line":23,"column":0}},"23":{"start":{"line":24,"column":0},"end":{"line":24,"column":32}},"24":{"start":{"line":25,"column":0},"end":{"line":25,"column":49}},"25":{"start":{"line":26,"column":0},"end":{"line":26,"column":50}},"26":{"start":{"line":27,"column":0},"end":{"line":27,"column":66}},"27":{"start":{"line":28,"column":0},"end":{"line":28,"column":0}},"28":{"start":{"line":29,"column":0},"end":{"line":29,"column":26}},"29":{"start":{"line":30,"column":0},"end":{"line":30,"column":40}},"30":{"start":{"line":31,"column":0},"end":{"line":31,"column":48}},"31":{"start":{"line":32,"column":0},"end":{"line":32,"column":45}},"32":{"start":{"line":33,"column":0},"end":{"line":33,"column":35}},"33":{"start":{"line":34,"column":0},"end":{"line":34,"column":26}},"34":{"start":{"line":35,"column":0},"end":{"line":35,"column":42}},"35":{"start":{"line":36,"column":0},"end":{"line":36,"column":26}},"36":{"start":{"line":37,"column":0},"end":{"line":37,"column":42}},"37":{"start":{"line":38,"column":0},"end":{"line":38,"column":26}},"38":{"start":{"line":39,"column":0},"end":{"line":39,"column":42}},"39":{"start":{"line":40,"column":0},"end":{"line":40,"column":26}},"40":{"start":{"line":41,"column":0},"end":{"line":41,"column":9}},"41":{"start":{"line":42,"column":0},"end":{"line":42,"column":5}},"42":{"start":{"line":43,"column":0},"end":{"line":43,"column":18}},"43":{"start":{"line":44,"column":0},"end":{"line":44,"column":1}},"44":{"start":{"line":45,"column":0},"end":{"line":45,"column":0}},"45":{"start":{"line":46,"column":0},"end":{"line":46,"column":17}},"46":{"start":{"line":47,"column":0},"end":{"line":47,"column":54}},"47":{"start":{"line":48,"column":0},"end":{"line":48,"column":26}},"48":{"start":{"line":49,"column":0},"end":{"line":49,"column":87}},"49":{"start":{"line":50,"column":0},"end":{"line":50,"column":30}},"50":{"start":{"line":51,"column":0},"end":{"line":51,"column":23}},"51":{"start":{"line":52,"column":0},"end":{"line":52,"column":41}},"52":{"start":{"line":53,"column":0},"end":{"line":53,"column":19}},"53":{"start":{"line":54,"column":0},"end":{"line":54,"column":16}},"54":{"start":{"line":55,"column":0},"end":{"line":55,"column":24}},"55":{"start":{"line":56,"column":0},"end":{"line":56,"column":9}},"56":{"start":{"line":57,"column":0},"end":{"line":57,"column":5}},"57":{"start":{"line":58,"column":0},"end":{"line":58,"column":3}},"58":{"start":{"line":59,"column":0},"end":{"line":59,"column":0}},"59":{"start":{"line":60,"column":0},"end":{"line":60,"column":62}}},"s":{"0":16,"1":16,"2":16,"3":16,"4":1,"5":1,"6":1,"7":1,"8":1,"9":1,"10":1,"11":1,"12":1,"13":1,"14":5,"15":5,"16":5,"17":5,"18":5,"19":0,"20":0,"21":5,"22":1,"23":7,"24":7,"25":7,"26":7,"27":7,"28":7,"29":7,"30":7,"31":8,"32":8,"33":2,"34":8,"35":1,"36":6,"37":3,"38":5,"39":2,"40":2,"41":8,"42":7,"43":7,"44":1,"45":1,"46":1,"47":0,"48":0,"49":0,"50":0,"51":0,"52":0,"53":0,"54":0,"55":0,"56":0,"57":1,"58":1,"59":1},"branchMap":{"0":{"type":"branch","line":1,"loc":{"start":{"line":1,"column":0},"end":{"line":4,"column":1}},"locations":[{"start":{"line":1,"column":0},"end":{"line":4,"column":1}}]},"1":{"type":"branch","line":6,"loc":{"start":{"line":6,"column":0},"end":{"line":8,"column":1}},"locations":[{"start":{"line":6,"column":0},"end":{"line":8,"column":1}}]},"2":{"type":"branch","line":10,"loc":{"start":{"line":10,"column":0},"end":{"line":13,"column":1}},"locations":[{"start":{"line":10,"column":0},"end":{"line":13,"column":1}}]},"3":{"type":"branch","line":15,"loc":{"start":{"line":15,"column":0},"end":{"line":22,"column":1}},"locations":[{"start":{"line":15,"column":0},"end":{"line":22,"column":1}}]},"4":{"type":"branch","line":19,"loc":{"start":{"line":19,"column":5},"end":{"line":21,"column":5}},"locations":[{"start":{"line":19,"column":5},"end":{"line":21,"column":5}}]},"5":{"type":"branch","line":24,"loc":{"start":{"line":24,"column":0},"end":{"line":44,"column":1}},"locations":[{"start":{"line":24,"column":0},"end":{"line":44,"column":1}}]},"6":{"type":"branch","line":31,"loc":{"start":{"line":31,"column":47},"end":{"line":42,"column":5}},"locations":[{"start":{"line":31,"column":47},"end":{"line":42,"column":5}}]},"7":{"type":"branch","line":33,"loc":{"start":{"line":33,"column":34},"end":{"line":35,"column":9}},"locations":[{"start":{"line":33,"column":34},"end":{"line":35,"column":9}}]},"8":{"type":"branch","line":35,"loc":{"start":{"line":35,"column":9},"end":{"line":41,"column":9}},"locations":[{"start":{"line":35,"column":9},"end":{"line":41,"column":9}}]},"9":{"type":"branch","line":35,"loc":{"start":{"line":35,"column":41},"end":{"line":37,"column":9}},"locations":[{"start":{"line":35,"column":41},"end":{"line":37,"column":9}}]},"10":{"type":"branch","line":37,"loc":{"start":{"line":37,"column":9},"end":{"line":41,"column":9}},"locations":[{"start":{"line":37,"column":9},"end":{"line":41,"column":9}}]},"11":{"type":"branch","line":37,"loc":{"start":{"line":37,"column":41},"end":{"line":39,"column":9}},"locations":[{"start":{"line":37,"column":41},"end":{"line":39,"column":9}}]},"12":{"type":"branch","line":39,"loc":{"start":{"line":39,"column":9},"end":{"line":41,"column":9}},"locations":[{"start":{"line":39,"column":9},"end":{"line":41,"column":9}}]}},"b":{"0":[16],"1":[1],"2":[1],"3":[5],"4":[0],"5":[7],"6":[8],"7":[2],"8":[6],"9":[1],"10":[5],"11":[3],"12":[2]},"fnMap":{"0":{"name":"insert","decl":{"start":{"line":1,"column":0},"end":{"line":4,"column":1}},"loc":{"start":{"line":1,"column":0},"end":{"line":4,"column":1}},"line":1},"1":{"name":"clean","decl":{"start":{"line":6,"column":0},"end":{"line":8,"column":1}},"loc":{"start":{"line":6,"column":0},"end":{"line":8,"column":1}},"line":6},"2":{"name":"back","decl":{"start":{"line":10,"column":0},"end":{"line":13,"column":1}},"loc":{"start":{"line":10,"column":0},"end":{"line":13,"column":1}},"line":10},"3":{"name":"calcular","decl":{"start":{"line":15,"column":0},"end":{"line":22,"column":1}},"loc":{"start":{"line":15,"column":0},"end":{"line":22,"column":1}},"line":15},"4":{"name":"calculate","decl":{"start":{"line":24,"column":0},"end":{"line":44,"column":1}},"loc":{"start":{"line":24,"column":0},"end":{"line":44,"column":1}},"line":24}},"f":{"0":16,"1":1,"2":1,"3":5,"4":7}}
}
