TN:
SF:script.js
FN:1,insert
FN:6,clean
FN:10,back
FN:15,calcular
FN:24,calculate
FNF:5
FNH:5
FNDA:13,insert
FNDA:1,clean
FNDA:1,back
FNDA:4,calcular
FNDA:4,calculate
DA:1,13
DA:2,13
DA:3,13
DA:4,13
DA:5,1
DA:6,1
DA:7,1
DA:8,1
DA:9,1
DA:10,1
DA:11,1
DA:12,1
DA:13,1
DA:14,1
DA:15,4
DA:16,4
DA:17,4
DA:18,4
DA:19,4
DA:20,0
DA:21,0
DA:22,4
DA:23,1
DA:24,4
DA:25,4
DA:26,4
DA:27,4
DA:28,4
DA:29,4
DA:30,4
DA:31,4
DA:32,4
DA:33,4
DA:34,1
DA:35,4
DA:36,1
DA:37,3
DA:38,1
DA:39,1
DA:40,1
DA:41,1
DA:42,4
DA:43,4
DA:44,4
DA:45,1
DA:46,1
DA:47,1
DA:48,0
DA:49,0
DA:50,0
DA:51,0
DA:52,0
DA:53,0
DA:54,0
DA:55,0
DA:56,0
DA:57,0
DA:58,1
DA:59,1
DA:60,1
LF:60
LH:48
BRDA:1,0,0,13
BRDA:6,1,0,1
BRDA:10,2,0,1
BRDA:15,3,0,4
BRDA:19,4,0,0
BRDA:24,5,0,4
BRDA:33,6,0,1
BRDA:35,7,0,3
BRDA:35,8,0,1
BRDA:37,9,0,2
BRDA:37,10,0,1
BRF:11
BRH:10
end_of_record
