TN:
SF:script.js
FN:1,insert
FN:6,clean
FN:10,back
FN:15,calcular
FN:24,calculate
FNF:5
FNH:5
FNDA:16,insert
FNDA:1,clean
FNDA:1,back
FNDA:5,calcular
FNDA:7,calculate
DA:1,16
DA:2,16
DA:3,16
DA:4,16
DA:5,1
DA:6,1
DA:7,1
DA:8,1
DA:9,1
DA:10,1
DA:11,1
DA:12,1
DA:13,1
DA:14,1
DA:15,5
DA:16,5
DA:17,5
DA:18,5
DA:19,5
DA:20,0
DA:21,0
DA:22,5
DA:23,1
DA:24,7
DA:25,7
DA:26,7
DA:27,7
DA:28,7
DA:29,7
DA:30,7
DA:31,7
DA:32,8
DA:33,8
DA:34,2
DA:35,8
DA:36,1
DA:37,6
DA:38,3
DA:39,5
DA:40,2
DA:41,2
DA:42,8
DA:43,7
DA:44,7
DA:45,1
DA:46,1
DA:47,1
DA:48,0
DA:49,0
DA:50,0
DA:51,0
DA:52,0
DA:53,0
DA:54,0
DA:55,0
DA:56,0
DA:57,0
DA:58,1
DA:59,1
DA:60,1
LF:60
LH:48
BRDA:1,0,0,16
BRDA:6,1,0,1
BRDA:10,2,0,1
BRDA:15,3,0,5
BRDA:19,4,0,0
BRDA:24,5,0,7
BRDA:31,6,0,8
BRDA:33,7,0,2
BRDA:35,8,0,6
BRDA:35,9,0,1
BRDA:37,10,0,5
BRDA:37,11,0,3
BRDA:39,12,0,2
BRF:13
BRH:12
end_of_record
